  소스.c
c:\users\bo seong\documents\github\mygit\datastructure\asdf\소스.c(31): error C2369: 'a': 재정의. 첨자가 다릅니다.
  c:\users\bo seong\documents\github\mygit\datastructure\asdf\소스.c(30): note: 'a' 선언을 참조하십시오.
c:\users\bo seong\documents\github\mygit\datastructure\asdf\소스.c(31): error C2075: 'a': 배열 초기화에는 중괄호로 묶인 이니셜라이저 목록이 필요합니다.
c:\users\bo seong\documents\github\mygit\datastructure\asdf\소스.c(33): error C2466: 상수 크기 0의 배열을 할당할 수 없습니다.
c:\users\bo seong\documents\github\mygit\datastructure\asdf\소스.c(33): error C2143: 구문 오류: '{'이(가) '.' 앞에 없습니다.
c:\users\bo seong\documents\github\mygit\datastructure\asdf\소스.c(33): error C2059: 구문 오류: '.'
c:\users\bo seong\documents\github\mygit\datastructure\asdf\소스.c(34): error C2143: 구문 오류: '{'이(가) '.' 앞에 없습니다.
c:\users\bo seong\documents\github\mygit\datastructure\asdf\소스.c(34): error C2059: 구문 오류: '.'
c:\users\bo seong\documents\github\mygit\datastructure\asdf\소스.c(35): error C2143: 구문 오류: '{'이(가) '.' 앞에 없습니다.
c:\users\bo seong\documents\github\mygit\datastructure\asdf\소스.c(35): error C2059: 구문 오류: '.'
c:\users\bo seong\documents\github\mygit\datastructure\asdf\소스.c(36): error C2143: 구문 오류: '{'이(가) '.' 앞에 없습니다.
c:\users\bo seong\documents\github\mygit\datastructure\asdf\소스.c(36): error C2059: 구문 오류: '.'
c:\users\bo seong\documents\github\mygit\datastructure\asdf\소스.c(37): error C2143: 구문 오류: '{'이(가) '.' 앞에 없습니다.
c:\users\bo seong\documents\github\mygit\datastructure\asdf\소스.c(37): error C2059: 구문 오류: '.'
c:\users\bo seong\documents\github\mygit\datastructure\asdf\소스.c(38): error C2143: 구문 오류: '{'이(가) '.' 앞에 없습니다.
c:\users\bo seong\documents\github\mygit\datastructure\asdf\소스.c(38): error C2059: 구문 오류: '.'
c:\users\bo seong\documents\github\mygit\datastructure\asdf\소스.c(39): error C2143: 구문 오류: '{'이(가) '.' 앞에 없습니다.
c:\users\bo seong\documents\github\mygit\datastructure\asdf\소스.c(39): error C2059: 구문 오류: '.'
c:\users\bo seong\documents\github\mygit\datastructure\asdf\소스.c(40): error C2143: 구문 오류: '{'이(가) '.' 앞에 없습니다.
c:\users\bo seong\documents\github\mygit\datastructure\asdf\소스.c(40): error C2059: 구문 오류: '.'
c:\users\bo seong\documents\github\mygit\datastructure\asdf\소스.c(96): warning C4013: 'exit'이(가) 정의되지 않았습니다. extern은 int형을 반환하는 것으로 간주합니다.
